<?xml version="1.0" encoding="UTF-8"?>
<!-- Generated by org.testng.reporters.JUnitReportReporter -->
<testsuite skipped="0" hostname="LAPTOP-5E3MODR9" name="testClass.LoginPageTestCase" tests="1" failures="0" timestamp="27 Jun 2020 11:49:20 GMT" time="7.792" errors="0">
  <testcase name="loginTest" time="7.792" classname="testClass.LoginPageTestCase"/>
</testsuite> <!-- testClass.LoginPageTestCase -->
