<?xml version="1.0" encoding="UTF-8"?>
<!-- Generated by org.testng.reporters.JUnitReportReporter -->
<testsuite skipped="0" hostname="LAPTOP-5E3MODR9" name="testClass.LocalizationTestcase" tests="1" failures="0" timestamp="27 Jun 2020 12:12:59 GMT" time="6.808" errors="0">
  <testcase name="login" time="6.808" classname="testClass.LocalizationTestcase"/>
</testsuite> <!-- testClass.LocalizationTestcase -->
