<?xml version="1.0" encoding="UTF-8"?>
<!-- Generated by org.testng.reporters.JUnitReportReporter -->
<testsuite skipped="0" hostname="LAPTOP-5E3MODR9" name="testClass.ModulesTestcase" tests="1" failures="0" timestamp="27 Jun 2020 11:49:21 GMT" time="1.908" errors="0">
  <testcase name="verifyOrangeHRM_Admin_AdminClick" time="1.908" classname="testClass.ModulesTestcase"/>
</testsuite> <!-- testClass.ModulesTestcase -->
