<?xml version="1.0" encoding="UTF-8"?>
<!-- Generated by org.testng.reporters.JUnitReportReporter -->
<testsuite hostname="LAPTOP-5E3MODR9" name="testClass.LoginPageTestCase" tests="1" failures="0" timestamp="27 Jun 2020 12:11:07 GMT" time="8.756" errors="0">
  <testcase name="loginTest" time="8.756" classname="testClass.LoginPageTestCase"/>
</testsuite> <!-- testClass.LoginPageTestCase -->
